Clock ISO
Clock Edge:+    5000

chipyard.harness.TestHarness.GemminiRocketConfig-ChipTop
  ----------------------------------------------------------------------------------------------------------------------------------------
  Instance: /Gemmini
  Power Unit: W
  PDB Frames: /stim#0/frame#0
    -------------------------------------------------------------------------
      Category         Leakage     Internal    Switching        Total    Row%
    -------------------------------------------------------------------------
        memory     0.00000e+00  0.00000e+00  0.00000e+00  0.00000e+00   0.00%
      register     1.41879e-02  1.50945e-02  1.27306e-03  3.05555e-02  29.45%
        latch     0.00000e+00  0.00000e+00  0.00000e+00  0.00000e+00   0.00%
        logic     2.78420e-02  2.17536e-02  2.26578e-02  7.22534e-02  69.63%
          bbox     0.00000e+00  0.00000e+00  1.87559e-05  1.87559e-05   0.02%
        clock     6.52595e-06  1.96417e-04  7.29889e-04  9.32833e-04   0.90%
          pad     1.92142e-07  0.00000e+00  0.00000e+00  1.92142e-07   0.00%
            pm     0.00000e+00  0.00000e+00  0.00000e+00  0.00000e+00   0.00%
    -------------------------------------------------------------------------
      Subtotal     4.20367e-02  3.70445e-02  2.46795e-02  1.03761e-01 100.00%
    Percentage          40.51%       35.70%       23.79%      100.00% 100.00%
    -------------------------------------------------------------------------

  Instance: /Gemmini/ex_controller
  Power Unit: W
  PDB Frames: /stim#0/frame#0
    -------------------------------------------------------------------------
      Category         Leakage     Internal    Switching        Total    Row%
    -------------------------------------------------------------------------
        memory     0.00000e+00  0.00000e+00  0.00000e+00  0.00000e+00   0.00%
      register     6.42536e-03  9.28221e-03  1.03807e-03  1.67456e-02  34.31%
        latch     0.00000e+00  0.00000e+00  0.00000e+00  0.00000e+00   0.00%
        logic     1.30446e-02  1.03353e-02  8.12634e-03  3.15062e-02  64.55%
          bbox     0.00000e+00  0.00000e+00  0.00000e+00  0.00000e+00   0.00%
        clock     4.55510e-06  1.46282e-04  4.03659e-04  5.54497e-04   1.14%
          pad     7.73374e-08  0.00000e+00  0.00000e+00  7.73374e-08   0.00%
            pm     0.00000e+00  0.00000e+00  0.00000e+00  0.00000e+00   0.00%
    -------------------------------------------------------------------------
      Subtotal     1.94746e-02  1.97638e-02  9.56807e-03  4.88065e-02 100.00%
    Percentage          39.90%       40.49%       19.60%      100.00% 100.00%
    -------------------------------------------------------------------------

  Instance: /Gemmini/ex_controller/mesh
  Power Unit: W
  PDB Frames: /stim#0/frame#0
    -------------------------------------------------------------------------
      Category         Leakage     Internal    Switching        Total    Row%
    -------------------------------------------------------------------------
        memory     0.00000e+00  0.00000e+00  0.00000e+00  0.00000e+00   0.00%
      register     6.32523e-03  9.24871e-03  1.03533e-03  1.66093e-02  34.45%
        latch     0.00000e+00  0.00000e+00  0.00000e+00  0.00000e+00   0.00%
        logic     1.27467e-02  1.02472e-02  8.06240e-03  3.10563e-02  64.41%
          bbox     0.00000e+00  0.00000e+00  0.00000e+00  0.00000e+00   0.00%
        clock     4.43113e-06  1.43026e-04  3.99829e-04  5.47286e-04   1.14%
          pad     7.19506e-08  0.00000e+00  0.00000e+00  7.19506e-08   0.00%
            pm     0.00000e+00  0.00000e+00  0.00000e+00  0.00000e+00   0.00%
    -------------------------------------------------------------------------
      Subtotal     1.90764e-02  1.96390e-02  9.49757e-03  4.82129e-02 100.00%
    Percentage          39.57%       40.73%       19.70%      100.00% 100.00%
    -------------------------------------------------------------------------

  Instance: /Gemmini/spad
  Power Unit: W
  PDB Frames: /stim#0/frame#0
    -------------------------------------------------------------------------
      Category         Leakage     Internal    Switching        Total    Row%
    -------------------------------------------------------------------------
        memory     0.00000e+00  0.00000e+00  0.00000e+00  0.00000e+00   0.00%
      register     5.38484e-03  4.29316e-03  1.49367e-04  9.82736e-03  28.11%
        latch     0.00000e+00  0.00000e+00  0.00000e+00  0.00000e+00   0.00%
        logic     6.91394e-03  6.99333e-03  1.09395e-02  2.48467e-02  71.06%
          bbox     0.00000e+00  0.00000e+00  1.87559e-05  1.87559e-05   0.05%
        clock     1.03110e-06  2.68034e-05  2.43186e-04  2.71020e-04   0.78%
          pad     7.77527e-08  0.00000e+00  0.00000e+00  7.77527e-08   0.00%
            pm     0.00000e+00  0.00000e+00  0.00000e+00  0.00000e+00   0.00%
    -------------------------------------------------------------------------
      Subtotal     1.22999e-02  1.13133e-02  1.13508e-02  3.49639e-02 100.00%
    Percentage          35.18%       32.36%       32.46%      100.00% 100.00%
    -------------------------------------------------------------------------

  Instance: /Gemmini/spad/acc_adders
  Power Unit: W
  PDB Frames: /stim#0/frame#0
    -------------------------------------------------------------------------
      Category         Leakage     Internal    Switching        Total    Row%
    -------------------------------------------------------------------------
        memory     0.00000e+00  0.00000e+00  0.00000e+00  0.00000e+00   0.00%
      register     1.50149e-04  2.11991e-04  7.31657e-06  3.69456e-04  59.03%
        latch     0.00000e+00  0.00000e+00  0.00000e+00  0.00000e+00   0.00%
        logic     1.77937e-04  4.95456e-05  2.89924e-05  2.56475e-04  40.97%
          bbox     0.00000e+00  0.00000e+00  0.00000e+00  0.00000e+00   0.00%
        clock     0.00000e+00  0.00000e+00  0.00000e+00  0.00000e+00   0.00%
          pad     0.00000e+00  0.00000e+00  0.00000e+00  0.00000e+00   0.00%
            pm     0.00000e+00  0.00000e+00  0.00000e+00  0.00000e+00   0.00%
    -------------------------------------------------------------------------
      Subtotal     3.28085e-04  2.61536e-04  3.63090e-05  6.25930e-04 100.00%
    Percentage          52.42%       41.78%        5.80%      100.00% 100.00%
    -------------------------------------------------------------------------

  Instance: /Gemmini/spad/acc_mems_0
  Power Unit: W
  PDB Frames: /stim#0/frame#0
    -------------------------------------------------------------------------
      Category         Leakage     Internal    Switching        Total    Row%
    -------------------------------------------------------------------------
        memory     0.00000e+00  0.00000e+00  0.00000e+00  0.00000e+00   0.00%
      register     2.97336e-04  4.91211e-04  1.56937e-05  8.04241e-04  25.56%
        latch     0.00000e+00  0.00000e+00  0.00000e+00  0.00000e+00   0.00%
        logic     3.18221e-04  2.64969e-04  1.74950e-03  2.33269e-03  74.14%
          bbox     0.00000e+00  0.00000e+00  7.67097e-06  7.67097e-06   0.24%
        clock     3.97221e-09  9.74946e-08  1.44591e-06  1.54738e-06   0.05%
          pad     7.69473e-09  0.00000e+00  0.00000e+00  7.69473e-09   0.00%
            pm     0.00000e+00  0.00000e+00  0.00000e+00  0.00000e+00   0.00%
    -------------------------------------------------------------------------
      Subtotal     6.15569e-04  7.56278e-04  1.77431e-03  3.14616e-03  99.99%
    Percentage          19.57%       24.04%       56.40%      100.00% 100.00%
    -------------------------------------------------------------------------

  Instance: /Gemmini/spad/acc_mems_1
  Power Unit: W
  PDB Frames: /stim#0/frame#0
    -------------------------------------------------------------------------
      Category         Leakage     Internal    Switching        Total    Row%
    -------------------------------------------------------------------------
        memory     0.00000e+00  0.00000e+00  0.00000e+00  0.00000e+00   0.00%
      register     2.97296e-04  4.85795e-04  1.46817e-05  7.97773e-04  25.48%
        latch     0.00000e+00  0.00000e+00  0.00000e+00  0.00000e+00   0.00%
        logic     3.18446e-04  2.73061e-04  1.73145e-03  2.32295e-03  74.19%
          bbox     0.00000e+00  0.00000e+00  7.67097e-06  7.67097e-06   0.25%
        clock     4.01349e-09  1.17160e-07  2.42505e-06  2.54623e-06   0.08%
          pad     7.69473e-09  0.00000e+00  0.00000e+00  7.69473e-09   0.00%
            pm     0.00000e+00  0.00000e+00  0.00000e+00  0.00000e+00   0.00%
    -------------------------------------------------------------------------
      Subtotal     6.15754e-04  7.58974e-04  1.75622e-03  3.13095e-03 100.00%
    Percentage          19.67%       24.24%       56.09%      100.00% 100.00%
    -------------------------------------------------------------------------

  Instance: /Gemmini/spad/acc_scale_unit
  Power Unit: W
  PDB Frames: /stim#0/frame#0
    -------------------------------------------------------------------------
      Category         Leakage     Internal    Switching        Total    Row%
    -------------------------------------------------------------------------
        memory     0.00000e+00  0.00000e+00  0.00000e+00  0.00000e+00   0.00%
      register     1.47586e-03  1.53431e-03  2.67833e-05  3.03695e-03  19.95%
        latch     0.00000e+00  0.00000e+00  0.00000e+00  0.00000e+00   0.00%
        logic     3.56635e-03  4.52039e-03  3.92412e-03  1.20109e-02  78.89%
          bbox     0.00000e+00  0.00000e+00  0.00000e+00  0.00000e+00   0.00%
        clock     3.61370e-08  1.29582e-06  1.74861e-04  1.76193e-04   1.16%
          pad     1.68858e-08  0.00000e+00  0.00000e+00  1.68858e-08   0.00%
            pm     0.00000e+00  0.00000e+00  0.00000e+00  0.00000e+00   0.00%
    -------------------------------------------------------------------------
      Subtotal     5.04226e-03  6.05599e-03  4.12576e-03  1.52240e-02 100.00%
    Percentage          33.12%       39.78%       27.10%      100.00% 100.00%
    -------------------------------------------------------------------------

  Instance: /Gemmini/spad/vsm
  Power Unit: W
  PDB Frames: /stim#0/frame#0
    -------------------------------------------------------------------------
      Category         Leakage     Internal    Switching        Total    Row%
    -------------------------------------------------------------------------
        memory     0.00000e+00  0.00000e+00  0.00000e+00  0.00000e+00   0.00%
      register     4.40192e-04  2.75206e-04  2.26701e-05  7.38068e-04  31.04%
        latch     0.00000e+00  0.00000e+00  0.00000e+00  0.00000e+00   0.00%
        logic     4.87779e-04  6.06341e-04  5.24637e-04  1.61876e-03  68.09%
          bbox     0.00000e+00  0.00000e+00  0.00000e+00  0.00000e+00   0.00%
        clock     3.70995e-07  1.01454e-05  1.01808e-05  2.06973e-05   0.87%
          pad     8.92101e-09  0.00000e+00  0.00000e+00  8.92101e-09   0.00%
            pm     0.00000e+00  0.00000e+00  0.00000e+00  0.00000e+00   0.00%
    -------------------------------------------------------------------------
      Subtotal     9.28351e-04  8.91692e-04  5.57488e-04  2.37753e-03 100.00%
    Percentage          39.05%       37.50%       23.45%      100.00% 100.00%
    -------------------------------------------------------------------------

chipyard.harness.TestHarness.GemminiINT16RocketConfig-ChipTop
  Instance: /Gemmini
  Power Unit: W
  PDB Frames: /stim#0/frame#0
    -------------------------------------------------------------------------
      Category         Leakage     Internal    Switching        Total    Row%
    -------------------------------------------------------------------------
        memory     0.00000e+00  0.00000e+00  0.00000e+00  0.00000e+00   0.00%
      register     1.67862e-02  2.16077e-02  2.10432e-03  4.04982e-02  25.81%
        latch     0.00000e+00  0.00000e+00  0.00000e+00  0.00000e+00   0.00%
        logic     4.27389e-02  3.84265e-02  3.39946e-02  1.15160e-01  73.39%
          bbox     0.00000e+00  0.00000e+00  2.26576e-05  2.26576e-05   0.01%
        clock     6.52270e-06  1.96214e-04  1.02553e-03  1.22826e-03   0.78%
          pad     2.06232e-07  0.00000e+00  0.00000e+00  2.06232e-07   0.00%
            pm     0.00000e+00  0.00000e+00  0.00000e+00  0.00000e+00   0.00%
    -------------------------------------------------------------------------
      Subtotal     5.95318e-02  6.02305e-02  3.71471e-02  1.56909e-01  99.99%
    Percentage          37.94%       38.39%       23.67%      100.00% 100.00%
    -------------------------------------------------------------------------

  Instance: /Gemmini/ex_controller
  Power Unit: W
  PDB Frames: /stim#0/frame#0
    -------------------------------------------------------------------------
      Category         Leakage     Internal    Switching        Total    Row%
    -------------------------------------------------------------------------
        memory     0.00000e+00  0.00000e+00  0.00000e+00  0.00000e+00   0.00%
      register     9.41662e-03  1.54302e-02  1.86910e-03  2.67159e-02  26.43%
        latch     0.00000e+00  0.00000e+00  0.00000e+00  0.00000e+00   0.00%
        logic     2.73168e-02  2.69062e-02  1.93261e-02  7.35491e-02  72.77%
          bbox     0.00000e+00  0.00000e+00  0.00000e+00  0.00000e+00   0.00%
        clock     4.55960e-06  1.46084e-04  6.55780e-04  8.06424e-04   0.80%
          pad     9.12086e-08  0.00000e+00  0.00000e+00  9.12086e-08   0.00%
            pm     0.00000e+00  0.00000e+00  0.00000e+00  0.00000e+00   0.00%
    -------------------------------------------------------------------------
      Subtotal     3.67381e-02  4.24825e-02  2.18510e-02  1.01072e-01 100.00%
    Percentage          36.35%       42.03%       21.62%      100.00% 100.00%
    -------------------------------------------------------------------------

  Instance: /Gemmini/ex_controller/mesh
  Power Unit: W
  PDB Frames: /stim#0/frame#0
    -------------------------------------------------------------------------
      Category         Leakage     Internal    Switching        Total    Row%
    -------------------------------------------------------------------------
        memory     0.00000e+00  0.00000e+00  0.00000e+00  0.00000e+00   0.00%
      register     9.19547e-03  1.53946e-02  1.86607e-03  2.64561e-02  26.40%
        latch     0.00000e+00  0.00000e+00  0.00000e+00  0.00000e+00   0.00%
        logic     2.69374e-02  2.67797e-02  1.92503e-02  7.29674e-02  72.81%
          bbox     0.00000e+00  0.00000e+00  0.00000e+00  0.00000e+00   0.00%
        clock     4.43565e-06  1.42824e-04  6.52050e-04  7.99310e-04   0.80%
          pad     8.49951e-08  0.00000e+00  0.00000e+00  8.49951e-08   0.00%
            pm     0.00000e+00  0.00000e+00  0.00000e+00  0.00000e+00   0.00%
    -------------------------------------------------------------------------
      Subtotal     3.61374e-02  4.23171e-02  2.17684e-02  1.00223e-01 100.01%
    Percentage          36.06%       42.22%       21.72%      100.00% 100.00%
    -------------------------------------------------------------------------

  Instance: /Gemmini/spad
  Power Unit: W
  PDB Frames: /stim#0/frame#0
    -------------------------------------------------------------------------
      Category         Leakage     Internal    Switching        Total    Row%
    -------------------------------------------------------------------------
        memory     0.00000e+00  0.00000e+00  0.00000e+00  0.00000e+00   0.00%
      register     5.25768e-03  4.70776e-03  1.52369e-04  1.01178e-02  27.71%
        latch     0.00000e+00  0.00000e+00  0.00000e+00  0.00000e+00   0.00%
        logic     7.67211e-03  7.23896e-03  1.11515e-02  2.60626e-02  71.37%
          bbox     0.00000e+00  0.00000e+00  2.26576e-05  2.26576e-05   0.06%
        clock     1.02327e-06  2.66995e-05  2.87516e-04  3.15239e-04   0.86%
          pad     7.66035e-08  0.00000e+00  0.00000e+00  7.66035e-08   0.00%
            pm     0.00000e+00  0.00000e+00  0.00000e+00  0.00000e+00   0.00%
    -------------------------------------------------------------------------
      Subtotal     1.29309e-02  1.19734e-02  1.16140e-02  3.65183e-02 100.00%
    Percentage          35.41%       32.79%       31.80%      100.00% 100.00%
    -------------------------------------------------------------------------

  Instance: /Gemmini/spad/acc_adders
  Power Unit: W
  PDB Frames: /stim#0/frame#0
    -------------------------------------------------------------------------
      Category         Leakage     Internal    Switching        Total    Row%
    -------------------------------------------------------------------------
        memory     0.00000e+00  0.00000e+00  0.00000e+00  0.00000e+00   0.00%
      register     1.50067e-04  2.09048e-04  7.15332e-06  3.66269e-04  60.28%
        latch     0.00000e+00  0.00000e+00  0.00000e+00  0.00000e+00   0.00%
        logic     1.77733e-04  4.05972e-05  2.30232e-05  2.41353e-04  39.72%
          bbox     0.00000e+00  0.00000e+00  0.00000e+00  0.00000e+00   0.00%
        clock     0.00000e+00  0.00000e+00  0.00000e+00  0.00000e+00   0.00%
          pad     0.00000e+00  0.00000e+00  0.00000e+00  0.00000e+00   0.00%
            pm     0.00000e+00  0.00000e+00  0.00000e+00  0.00000e+00   0.00%
    -------------------------------------------------------------------------
      Subtotal     3.27800e-04  2.49645e-04  3.01765e-05  6.07622e-04 100.00%
    Percentage          53.95%       41.09%        4.97%      100.00% 100.00%
    -------------------------------------------------------------------------

  Instance: /Gemmini/spad/acc_scale_unit
  Power Unit: W
  PDB Frames: /stim#0/frame#0
    -------------------------------------------------------------------------
      Category         Leakage     Internal    Switching        Total    Row%
    -------------------------------------------------------------------------
        memory     0.00000e+00  0.00000e+00  0.00000e+00  0.00000e+00   0.00%
      register     1.73541e-03  1.84600e-03  3.30327e-05  3.61444e-03  22.76%
        latch     0.00000e+00  0.00000e+00  0.00000e+00  0.00000e+00   0.00%
        logic     3.55303e-03  4.54476e-03  3.95678e-03  1.20546e-02  75.91%
          bbox     0.00000e+00  0.00000e+00  0.00000e+00  0.00000e+00   0.00%
        clock     3.61379e-08  1.29691e-06  2.09770e-04  2.11103e-04   1.33%
          pad     1.61692e-08  0.00000e+00  0.00000e+00  1.61692e-08   0.00%
            pm     0.00000e+00  0.00000e+00  0.00000e+00  0.00000e+00   0.00%
    -------------------------------------------------------------------------
      Subtotal     5.28849e-03  6.39206e-03  4.19958e-03  1.58801e-02 100.00%
    Percentage          33.30%       40.25%       26.45%      100.00% 100.00%
    -------------------------------------------------------------------------

  Instance: /Gemmini/spad/acc_mems_0
  Power Unit: W
  PDB Frames: /stim#0/frame#0
    -------------------------------------------------------------------------
      Category         Leakage     Internal    Switching        Total    Row%
    -------------------------------------------------------------------------
        memory     0.00000e+00  0.00000e+00  0.00000e+00  0.00000e+00   0.00%
      register     3.38611e-04  4.85162e-04  1.39112e-05  8.37684e-04  28.34%
        latch     0.00000e+00  0.00000e+00  0.00000e+00  0.00000e+00   0.00%
        logic     3.18293e-04  2.43318e-04  1.54687e-03  2.10848e-03  71.34%
          bbox     0.00000e+00  0.00000e+00  7.67097e-06  7.67097e-06   0.26%
        clock     3.97202e-09  9.83111e-08  1.44157e-06  1.54386e-06   0.05%
          pad     7.69473e-09  0.00000e+00  0.00000e+00  7.69473e-09   0.00%
            pm     0.00000e+00  0.00000e+00  0.00000e+00  0.00000e+00   0.00%
    -------------------------------------------------------------------------
      Subtotal     6.56916e-04  7.28578e-04  1.56990e-03  2.95539e-03  99.99%
    Percentage          22.23%       24.65%       53.12%      100.00% 100.00%
    -------------------------------------------------------------------------

  Instance: /Gemmini/spad/acc_mems_1
  Power Unit: W
  PDB Frames: /stim#0/frame#0
    -------------------------------------------------------------------------
      Category         Leakage     Internal    Switching        Total    Row%
    -------------------------------------------------------------------------
        memory     0.00000e+00  0.00000e+00  0.00000e+00  0.00000e+00   0.00%
      register     3.38030e-04  4.78267e-04  1.28156e-05  8.29112e-04  28.14%
        latch     0.00000e+00  0.00000e+00  0.00000e+00  0.00000e+00   0.00%
        logic     3.19056e-04  2.54507e-04  1.53323e-03  2.10680e-03  71.51%
          bbox     0.00000e+00  0.00000e+00  7.67097e-06  7.67097e-06   0.26%
        clock     4.01638e-09  1.18364e-07  2.49453e-06  2.61691e-06   0.09%
          pad     7.69473e-09  0.00000e+00  0.00000e+00  7.69473e-09   0.00%
            pm     0.00000e+00  0.00000e+00  0.00000e+00  0.00000e+00   0.00%
    -------------------------------------------------------------------------
      Subtotal     6.57098e-04  7.32892e-04  1.55621e-03  2.94620e-03 100.00%
    Percentage          22.30%       24.88%       52.82%      100.00% 100.00%
    -------------------------------------------------------------------------

chipyard.harness.TestHarness.GemminiINT4Acc32RocketConfig-ChipTop
  Instance: /Gemmini
  Power Unit: W
  PDB Frames: /stim#0/frame#0
    -------------------------------------------------------------------------
      Category         Leakage     Internal    Switching        Total    Row%
    -------------------------------------------------------------------------
        memory     0.00000e+00  0.00000e+00  0.00000e+00  0.00000e+00   0.00%
      register     1.10935e-02  1.11505e-02  8.37531e-04  2.30815e-02  29.69%
        latch     0.00000e+00  0.00000e+00  0.00000e+00  0.00000e+00   0.00%
        logic     2.07548e-02  1.57731e-02  1.73484e-02  5.38763e-02  69.30%
          bbox     0.00000e+00  0.00000e+00  1.87559e-05  1.87559e-05   0.02%
        clock     6.52709e-06  1.95919e-04  5.64945e-04  7.67391e-04   0.99%
          pad     1.80764e-07  0.00000e+00  0.00000e+00  1.80764e-07   0.00%
            pm     0.00000e+00  0.00000e+00  0.00000e+00  0.00000e+00   0.00%
    -------------------------------------------------------------------------
      Subtotal     3.18550e-02  2.71195e-02  1.87696e-02  7.77441e-02 100.00%
    Percentage          40.97%       34.88%       24.14%      100.00% 100.00%
    -------------------------------------------------------------------------

  Instance: /Gemmini/ex_controller
  Power Unit: W
  PDB Frames: /stim#0/frame#0
    -------------------------------------------------------------------------
      Category         Leakage     Internal    Switching        Total    Row%
    -------------------------------------------------------------------------
        memory     0.00000e+00  0.00000e+00  0.00000e+00  0.00000e+00   0.00%
      register     3.93867e-03  5.52641e-03  6.10213e-04  1.00753e-02  41.88%
        latch     0.00000e+00  0.00000e+00  0.00000e+00  0.00000e+00   0.00%
        logic     6.01446e-03  4.38917e-03  3.17236e-03  1.35760e-02  56.43%
          bbox     0.00000e+00  0.00000e+00  0.00000e+00  0.00000e+00   0.00%
        clock     4.55621e-06  1.45809e-04  2.57305e-04  4.07671e-04   1.69%
          pad     6.03612e-08  0.00000e+00  0.00000e+00  6.03612e-08   0.00%
            pm     0.00000e+00  0.00000e+00  0.00000e+00  0.00000e+00   0.00%
    -------------------------------------------------------------------------
      Subtotal     9.95774e-03  1.00614e-02  4.03988e-03  2.40590e-02 100.00%
    Percentage          41.39%       41.82%       16.79%      100.00% 100.00%
    -------------------------------------------------------------------------

  Instance: /Gemmini/ex_controller/mesh
  Power Unit: W
  PDB Frames: /stim#0/frame#0
    -------------------------------------------------------------------------
      Category         Leakage     Internal    Switching        Total    Row%
    -------------------------------------------------------------------------
        memory     0.00000e+00  0.00000e+00  0.00000e+00  0.00000e+00   0.00%
      register     3.76204e-03  5.49027e-03  6.07319e-04  9.85963e-03  42.08%
        latch     0.00000e+00  0.00000e+00  0.00000e+00  0.00000e+00   0.00%
        logic     5.74348e-03  4.31370e-03  3.11202e-03  1.31692e-02  56.21%
          bbox     0.00000e+00  0.00000e+00  0.00000e+00  0.00000e+00   0.00%
        clock     4.43225e-06  1.42553e-04  2.53475e-04  4.00460e-04   1.71%
          pad     5.45827e-08  0.00000e+00  0.00000e+00  5.45827e-08   0.00%
            pm     0.00000e+00  0.00000e+00  0.00000e+00  0.00000e+00   0.00%
    -------------------------------------------------------------------------
      Subtotal     9.51001e-03  9.94652e-03  3.97281e-03  2.34293e-02 100.00%
    Percentage          40.59%       42.45%       16.96%      100.00% 100.00%
    -------------------------------------------------------------------------

  Instance: /Gemmini/spad
  Power Unit: W
  PDB Frames: /stim#0/frame#0
    -------------------------------------------------------------------------
      Category         Leakage     Internal    Switching        Total    Row%
    -------------------------------------------------------------------------
        memory     0.00000e+00  0.00000e+00  0.00000e+00  0.00000e+00   0.00%
      register     4.68549e-03  4.09187e-03  1.43469e-04  8.92083e-03  26.56%
        latch     0.00000e+00  0.00000e+00  0.00000e+00  0.00000e+00   0.00%
        logic     6.85580e-03  6.95317e-03  1.05807e-02  2.43897e-02  72.63%
          bbox     0.00000e+00  0.00000e+00  1.87559e-05  1.87559e-05   0.06%
        clock     1.03114e-06  2.67856e-05  2.24551e-04  2.52367e-04   0.75%
          pad     8.21892e-08  0.00000e+00  0.00000e+00  8.21892e-08   0.00%
            pm     0.00000e+00  0.00000e+00  0.00000e+00  0.00000e+00   0.00%
    -------------------------------------------------------------------------
      Subtotal     1.15424e-02  1.10718e-02  1.09675e-02  3.35817e-02 100.00%
    Percentage          34.37%       32.97%       32.66%      100.00% 100.00%
    -------------------------------------------------------------------------

  Instance: /Gemmini/spad/acc_adders
  Power Unit: W
  PDB Frames: /stim#0/frame#0
    -------------------------------------------------------------------------
      Category         Leakage     Internal    Switching        Total    Row%
    -------------------------------------------------------------------------
        memory     0.00000e+00  0.00000e+00  0.00000e+00  0.00000e+00   0.00%
      register     1.50149e-04  2.09954e-04  7.14981e-06  3.67253e-04  59.26%
        latch     0.00000e+00  0.00000e+00  0.00000e+00  0.00000e+00   0.00%
        logic     1.77937e-04  4.70007e-05  2.75160e-05  2.52453e-04  40.74%
          bbox     0.00000e+00  0.00000e+00  0.00000e+00  0.00000e+00   0.00%
        clock     0.00000e+00  0.00000e+00  0.00000e+00  0.00000e+00   0.00%
          pad     0.00000e+00  0.00000e+00  0.00000e+00  0.00000e+00   0.00%
            pm     0.00000e+00  0.00000e+00  0.00000e+00  0.00000e+00   0.00%
    -------------------------------------------------------------------------
      Subtotal     3.28085e-04  2.56955e-04  3.46658e-05  6.19706e-04 100.00%
    Percentage          52.94%       41.46%        5.59%      100.00% 100.00%
    -------------------------------------------------------------------------

  Instance: /Gemmini/spad/acc_mems_0
  Power Unit: W
  PDB Frames: /stim#0/frame#0
    -------------------------------------------------------------------------
      Category         Leakage     Internal    Switching        Total    Row%
    -------------------------------------------------------------------------
        memory     0.00000e+00  0.00000e+00  0.00000e+00  0.00000e+00   0.00%
      register     3.38042e-04  4.94837e-04  1.50646e-05  8.47944e-04  28.05%
        latch     0.00000e+00  0.00000e+00  0.00000e+00  0.00000e+00   0.00%
        logic     3.18582e-04  2.44084e-04  1.60280e-03  2.16547e-03  71.65%
          bbox     0.00000e+00  0.00000e+00  7.67097e-06  7.67097e-06   0.25%
        clock     3.96588e-09  9.39244e-08  1.29828e-06  1.39617e-06   0.05%
          pad     7.69473e-09  0.00000e+00  0.00000e+00  7.69473e-09   0.00%
            pm     0.00000e+00  0.00000e+00  0.00000e+00  0.00000e+00   0.00%
    -------------------------------------------------------------------------
      Subtotal     6.56636e-04  7.39015e-04  1.62683e-03  3.02248e-03 100.00%
    Percentage          21.73%       24.45%       53.82%      100.00% 100.00%
    -------------------------------------------------------------------------

  Instance: /Gemmini/spad/acc_mems_1
  Power Unit: W
  PDB Frames: /stim#0/frame#0
    -------------------------------------------------------------------------
      Category         Leakage     Internal    Switching        Total    Row%
    -------------------------------------------------------------------------
        memory     0.00000e+00  0.00000e+00  0.00000e+00  0.00000e+00   0.00%
      register     3.38002e-04  4.89543e-04  1.40644e-05  8.41610e-04  28.00%
        latch     0.00000e+00  0.00000e+00  0.00000e+00  0.00000e+00   0.00%
        logic     3.18814e-04  2.51502e-04  1.58321e-03  2.15352e-03  71.66%
          bbox     0.00000e+00  0.00000e+00  7.67097e-06  7.67097e-06   0.26%
        clock     4.01273e-09  1.13577e-07  2.40552e-06  2.52311e-06   0.08%
          pad     7.69473e-09  0.00000e+00  0.00000e+00  7.69473e-09   0.00%
            pm     0.00000e+00  0.00000e+00  0.00000e+00  0.00000e+00   0.00%
    -------------------------------------------------------------------------
      Subtotal     6.56829e-04  7.41159e-04  1.60735e-03  3.00533e-03 100.00%
    Percentage          21.86%       24.66%       53.48%      100.00% 100.00%
    -------------------------------------------------------------------------


  Instance: /Gemmini/spad/acc_scale_unit
  Power Unit: W
  PDB Frames: /stim#0/frame#0
    -------------------------------------------------------------------------
      Category         Leakage     Internal    Switching        Total    Row%
    -------------------------------------------------------------------------
        memory     0.00000e+00  0.00000e+00  0.00000e+00  0.00000e+00   0.00%
      register     1.34612e-03  1.37930e-03  2.39857e-05  2.74940e-03  18.39%
        latch     0.00000e+00  0.00000e+00  0.00000e+00  0.00000e+00   0.00%
        logic     3.55714e-03  4.55629e-03  3.93205e-03  1.20455e-02  80.55%
          bbox     0.00000e+00  0.00000e+00  0.00000e+00  0.00000e+00   0.00%
        clock     3.61377e-08  1.29593e-06  1.57457e-04  1.58789e-04   1.06%
          pad     1.74866e-08  0.00000e+00  0.00000e+00  1.74866e-08   0.00%
            pm     0.00000e+00  0.00000e+00  0.00000e+00  0.00000e+00   0.00%
    -------------------------------------------------------------------------
      Subtotal     4.90332e-03  5.93688e-03  4.11349e-03  1.49537e-02 100.00%
    Percentage          32.79%       39.70%       27.51%      100.00% 100.00%
    -------------------------------------------------------------------------

chipyard.harness.TestHarness.GemminiINT4Acc16RocketConfig-ChipTop
    Instance: /Gemmini
    Power Unit: W
    PDB Frames: /stim#0/frame#0
      -------------------------------------------------------------------------
        Category         Leakage     Internal    Switching        Total    Row%
      -------------------------------------------------------------------------
          memory     0.00000e+00  0.00000e+00  0.00000e+00  0.00000e+00   0.00%
        register     9.55274e-03  9.62782e-03  8.93730e-04  2.00743e-02  29.36%
          latch     0.00000e+00  0.00000e+00  0.00000e+00  0.00000e+00   0.00%
          logic     1.90980e-02  1.32498e-02  1.52432e-02  4.75910e-02  69.61%
            bbox     0.00000e+00  0.00000e+00  1.90931e-05  1.90931e-05   0.03%
          clock     6.53477e-06  1.96151e-04  4.84291e-04  6.86976e-04   1.00%
            pad     1.56325e-07  0.00000e+00  0.00000e+00  1.56325e-07   0.00%
              pm     0.00000e+00  0.00000e+00  0.00000e+00  0.00000e+00   0.00%
      -------------------------------------------------------------------------
        Subtotal     2.86574e-02  2.30738e-02  1.66403e-02  6.83715e-02 100.00%
      Percentage          41.91%       33.75%       24.34%      100.00% 100.00%
      -------------------------------------------------------------------------

  Instance: /Gemmini/ex_controller
  Power Unit: W
  PDB Frames: /stim#0/frame#0
    -------------------------------------------------------------------------
      Category         Leakage     Internal    Switching        Total    Row%
    -------------------------------------------------------------------------
        memory     0.00000e+00  0.00000e+00  0.00000e+00  0.00000e+00   0.00%
      register     3.79388e-03  5.39454e-03  6.91378e-04  9.87980e-03  43.11%
        latch     0.00000e+00  0.00000e+00  0.00000e+00  0.00000e+00   0.00%
        logic     5.82953e-03  3.91115e-03  2.89531e-03  1.26360e-02  55.14%
          bbox     0.00000e+00  0.00000e+00  0.00000e+00  0.00000e+00   0.00%
        clock     4.55558e-06  1.45805e-04  2.51977e-04  4.02338e-04   1.76%
          pad     4.50855e-08  0.00000e+00  0.00000e+00  4.50855e-08   0.00%
            pm     0.00000e+00  0.00000e+00  0.00000e+00  0.00000e+00   0.00%
    -------------------------------------------------------------------------
      Subtotal     9.62801e-03  9.45149e-03  3.83867e-03  2.29182e-02 100.01%
    Percentage          42.01%       41.24%       16.75%      100.00% 100.00%
    -------------------------------------------------------------------------

    Instance: /Gemmini/ex_controller/mesh
  Power Unit: W
  PDB Frames: /stim#0/frame#0
    -------------------------------------------------------------------------
      Category         Leakage     Internal    Switching        Total    Row%
    -------------------------------------------------------------------------
        memory     0.00000e+00  0.00000e+00  0.00000e+00  0.00000e+00   0.00%
      register     3.59459e-03  5.35890e-03  6.88998e-04  9.64249e-03  43.34%
        latch     0.00000e+00  0.00000e+00  0.00000e+00  0.00000e+00   0.00%
        logic     5.54431e-03  3.83119e-03  2.83495e-03  1.22104e-02  54.88%
          bbox     0.00000e+00  0.00000e+00  0.00000e+00  0.00000e+00   0.00%
        clock     4.43163e-06  1.42544e-04  2.48158e-04  3.95134e-04   1.78%
          pad     4.10121e-08  0.00000e+00  0.00000e+00  4.10121e-08   0.00%
            pm     0.00000e+00  0.00000e+00  0.00000e+00  0.00000e+00   0.00%
    -------------------------------------------------------------------------
      Subtotal     9.14337e-03  9.33263e-03  3.77211e-03  2.22481e-02 100.00%
    Percentage          41.10%       41.95%       16.95%      100.00% 100.00%
    -------------------------------------------------------------------------

    Instance: /Gemmini/spad
  Power Unit: W
  PDB Frames: /stim#0/frame#0
    -------------------------------------------------------------------------
      Category         Leakage     Internal    Switching        Total    Row%
    -------------------------------------------------------------------------
        memory     0.00000e+00  0.00000e+00  0.00000e+00  0.00000e+00   0.00%
      register     3.49951e-03  2.76087e-03  1.19607e-04  6.37998e-03  24.90%
        latch     0.00000e+00  0.00000e+00  0.00000e+00  0.00000e+00   0.00%
        logic     5.35482e-03  4.92818e-03  8.76656e-03  1.90496e-02  74.34%
          bbox     0.00000e+00  0.00000e+00  1.90931e-05  1.90931e-05   0.07%
        clock     1.03944e-06  2.70321e-05  1.49270e-04  1.77341e-04   0.69%
          pad     7.61022e-08  0.00000e+00  0.00000e+00  7.61022e-08   0.00%
            pm     0.00000e+00  0.00000e+00  0.00000e+00  0.00000e+00   0.00%
    -------------------------------------------------------------------------
      Subtotal     8.85545e-03  7.71608e-03  9.05453e-03  2.56261e-02 100.00%
    Percentage          34.56%       30.11%       35.33%      100.00% 100.00%
    -------------------------------------------------------------------------

  Instance: /Gemmini/spad/acc_adders
  Power Unit: W
  PDB Frames: /stim#0/frame#0
    -------------------------------------------------------------------------
      Category         Leakage     Internal    Switching        Total    Row%
    -------------------------------------------------------------------------
        memory     0.00000e+00  0.00000e+00  0.00000e+00  0.00000e+00   0.00%
      register     3.61825e-05  7.55244e-05  3.40158e-06  1.15109e-04  46.90%
        latch     0.00000e+00  0.00000e+00  0.00000e+00  0.00000e+00   0.00%
        logic     9.85693e-05  1.76674e-05  1.41051e-05  1.30342e-04  53.10%
          bbox     0.00000e+00  0.00000e+00  0.00000e+00  0.00000e+00   0.00%
        clock     0.00000e+00  0.00000e+00  0.00000e+00  0.00000e+00   0.00%
          pad     0.00000e+00  0.00000e+00  0.00000e+00  0.00000e+00   0.00%
            pm     0.00000e+00  0.00000e+00  0.00000e+00  0.00000e+00   0.00%
    -------------------------------------------------------------------------
      Subtotal     1.34752e-04  9.31918e-05  1.75067e-05  2.45450e-04 100.00%
    Percentage          54.90%       37.97%        7.13%      100.00% 100.00%
    -------------------------------------------------------------------------

  Instance: /Gemmini/spad/acc_mems_0
  Power Unit: W
  PDB Frames: /stim#0/frame#0
    -------------------------------------------------------------------------
      Category         Leakage     Internal    Switching        Total    Row%
    -------------------------------------------------------------------------
        memory     0.00000e+00  0.00000e+00  0.00000e+00  0.00000e+00   0.00%
      register     1.73366e-04  2.60202e-04  1.09846e-05  4.44553e-04  18.96%
        latch     0.00000e+00  0.00000e+00  0.00000e+00  0.00000e+00   0.00%
        logic     3.47850e-04  1.74705e-04  1.36836e-03  1.89091e-03  80.66%
          bbox     0.00000e+00  0.00000e+00  7.86862e-06  7.86862e-06   0.34%
        clock     8.08375e-09  2.31934e-07  7.60452e-07  1.00047e-06   0.04%
          pad     7.13223e-09  0.00000e+00  0.00000e+00  7.13223e-09   0.00%
            pm     0.00000e+00  0.00000e+00  0.00000e+00  0.00000e+00   0.00%
    -------------------------------------------------------------------------
      Subtotal     5.21231e-04  4.35139e-04  1.38797e-03  2.34434e-03 100.00%
    Percentage          22.23%       18.56%       59.21%      100.00% 100.00%
    -------------------------------------------------------------------------

  Instance: /Gemmini/spad/acc_mems_1
  Power Unit: W
  PDB Frames: /stim#0/frame#0
    -------------------------------------------------------------------------
      Category         Leakage     Internal    Switching        Total    Row%
    -------------------------------------------------------------------------
        memory     0.00000e+00  0.00000e+00  0.00000e+00  0.00000e+00   0.00%
      register     1.71667e-04  2.47971e-04  1.02628e-05  4.29900e-04  17.99%
        latch     0.00000e+00  0.00000e+00  0.00000e+00  0.00000e+00   0.00%
        logic     3.43050e-04  1.78005e-04  1.42978e-03  1.95084e-03  81.62%
          bbox     0.00000e+00  0.00000e+00  7.81052e-06  7.81052e-06   0.33%
        clock     8.13682e-09  2.48690e-07  1.37095e-06  1.62777e-06   0.07%
          pad     7.13223e-09  0.00000e+00  0.00000e+00  7.13223e-09   0.00%
            pm     0.00000e+00  0.00000e+00  0.00000e+00  0.00000e+00   0.00%
    -------------------------------------------------------------------------
      Subtotal     5.14732e-04  4.26225e-04  1.44922e-03  2.39018e-03 100.01%
    Percentage          21.54%       17.83%       60.63%      100.00% 100.00%
    -------------------------------------------------------------------------

  Instance: /Gemmini/spad/acc_scale_unit
  Power Unit: W
  PDB Frames: /stim#0/frame#0
    -------------------------------------------------------------------------
      Category         Leakage     Internal    Switching        Total    Row%
    -------------------------------------------------------------------------
        memory     0.00000e+00  0.00000e+00  0.00000e+00  0.00000e+00   0.00%
      register     7.40368e-04  7.73391e-04  1.36631e-05  1.52742e-03  16.31%
        latch     0.00000e+00  0.00000e+00  0.00000e+00  0.00000e+00   0.00%
        logic     2.39022e-03  2.84508e-03  2.51185e-03  7.74715e-03  82.74%
          bbox     0.00000e+00  0.00000e+00  0.00000e+00  0.00000e+00   0.00%
        clock     3.61380e-08  1.29425e-06  8.77206e-05  8.90510e-05   0.95%
          pad     1.85031e-08  0.00000e+00  0.00000e+00  1.85031e-08   0.00%
            pm     0.00000e+00  0.00000e+00  0.00000e+00  0.00000e+00   0.00%
    -------------------------------------------------------------------------
      Subtotal     3.13064e-03  3.61977e-03  2.61324e-03  9.36364e-03 100.00%
    Percentage          33.43%       38.66%       27.91%      100.00% 100.00%
    -------------------------------------------------------------------------