Clock F-MAX

chipyard.harness.TestHarness.GemminiRocketConfig-ChipTop         Clock Edge(ps):+    3000            0     
    Instance: /Gemmini
    Power Unit: W
    PDB Frames: /stim#0/frame#0
    -------------------------------------------------------------------------
        Category         Leakage     Internal    Switching        Total    Row%
    -------------------------------------------------------------------------
        memory     0.00000e+00  0.00000e+00  0.00000e+00  0.00000e+00   0.00%
        register     1.40030e-02  2.52509e-02  2.12335e-03  4.13773e-02  27.89%
        latch     0.00000e+00  0.00000e+00  0.00000e+00  0.00000e+00   0.00%
        logic     2.95672e-02  3.67628e-02  3.90923e-02  1.05422e-01  71.05%
            bbox     0.00000e+00  0.00000e+00  3.12598e-05  3.12598e-05   0.02%
        clock     6.53059e-06  3.27045e-04  1.21658e-03  1.55016e-03   1.04%
            pad     1.93538e-07  0.00000e+00  0.00000e+00  1.93538e-07   0.00%
            pm     0.00000e+00  0.00000e+00  0.00000e+00  0.00000e+00   0.00%
    -------------------------------------------------------------------------
        Subtotal     4.35770e-02  6.23407e-02  4.24635e-02  1.48381e-01 100.00%
    Percentage          29.37%       42.01%       28.62%      100.00% 100.00%
    -------------------------------------------------------------------------

    Instance: /Gemmini/ex_controller
    Power Unit: W
    PDB Frames: /stim#0/frame#0
    -------------------------------------------------------------------------
        Category         Leakage     Internal    Switching        Total    Row%
    -------------------------------------------------------------------------
        memory     0.00000e+00  0.00000e+00  0.00000e+00  0.00000e+00   0.00%
        register     6.98027e-03  1.58247e-02  1.74031e-03  2.45453e-02  35.91%
        latch     0.00000e+00  0.00000e+00  0.00000e+00  0.00000e+00   0.00%
        logic     1.31639e-02  1.64387e-02  1.32822e-02  4.28848e-02  62.74%
            bbox     0.00000e+00  0.00000e+00  0.00000e+00  0.00000e+00   0.00%
        clock     4.55519e-06  2.43072e-04  6.72781e-04  9.20409e-04   1.35%
            pad     7.73315e-08  0.00000e+00  0.00000e+00  7.73315e-08   0.00%
            pm     0.00000e+00  0.00000e+00  0.00000e+00  0.00000e+00   0.00%
    -------------------------------------------------------------------------
        Subtotal     2.01488e-02  3.25064e-02  1.56953e-02  6.83505e-02 100.00%
    Percentage          29.48%       47.56%       22.96%      100.00% 100.00%
    -------------------------------------------------------------------------

    Instance: /Gemmini/ex_controller/mesh
    Power Unit: W
    PDB Frames: /stim#0/frame#0
    -------------------------------------------------------------------------
        Category         Leakage     Internal    Switching        Total    Row%
    -------------------------------------------------------------------------
        memory     0.00000e+00  0.00000e+00  0.00000e+00  0.00000e+00   0.00%
        register     6.75697e-03  1.57646e-02  1.73579e-03  2.42574e-02  35.93%
        latch     0.00000e+00  0.00000e+00  0.00000e+00  0.00000e+00   0.00%
        logic     1.28583e-02  1.63013e-02  1.31801e-02  4.23398e-02  62.72%
            bbox     0.00000e+00  0.00000e+00  0.00000e+00  0.00000e+00   0.00%
        clock     4.43122e-06  2.37643e-04  6.66396e-04  9.08470e-04   1.35%
            pad     7.19506e-08  0.00000e+00  0.00000e+00  7.19506e-08   0.00%
            pm     0.00000e+00  0.00000e+00  0.00000e+00  0.00000e+00   0.00%
    -------------------------------------------------------------------------
        Subtotal     1.96198e-02  3.23036e-02  1.55823e-02  6.75057e-02 100.00%
    Percentage          29.06%       47.85%       23.08%      100.00% 100.00%
    -------------------------------------------------------------------------

    Instance: /Gemmini/spad
    Power Unit: W
    PDB Frames: /stim#0/frame#0
    -------------------------------------------------------------------------
        Category         Leakage     Internal    Switching        Total    Row%
    -------------------------------------------------------------------------
        memory     0.00000e+00  0.00000e+00  0.00000e+00  0.00000e+00   0.00%
        register     4.79018e-03  7.00803e-03  2.41596e-04  1.20398e-02  22.32%
        latch     0.00000e+00  0.00000e+00  0.00000e+00  0.00000e+00   0.00%
        logic     8.46356e-03  1.31004e-02  1.98569e-02  4.14208e-02  76.79%
            bbox     0.00000e+00  0.00000e+00  3.12598e-05  3.12598e-05   0.06%
        clock     1.03108e-06  4.47489e-05  4.05097e-04  4.50877e-04   0.84%
            pad     7.91099e-08  0.00000e+00  0.00000e+00  7.91099e-08   0.00%
            pm     0.00000e+00  0.00000e+00  0.00000e+00  0.00000e+00   0.00%
    -------------------------------------------------------------------------
        Subtotal     1.32549e-02  2.01531e-02  2.05349e-02  5.39428e-02 100.01%
    Percentage          24.57%       37.36%       38.07%      100.00% 100.00%
    -------------------------------------------------------------------------

chipyard.harness.TestHarness.GemminiINT16RocketConfig-ChipTop        Clock Edge(ps):+    5000            0     
  Instance: /Gemmini
  Power Unit: W
  PDB Frames: /stim#0/frame#0
    -------------------------------------------------------------------------
      Category         Leakage     Internal    Switching        Total    Row%
    -------------------------------------------------------------------------
        memory     0.00000e+00  0.00000e+00  0.00000e+00  0.00000e+00   0.00%
      register     1.67862e-02  2.16077e-02  2.10432e-03  4.04982e-02  25.81%
        latch     0.00000e+00  0.00000e+00  0.00000e+00  0.00000e+00   0.00%
        logic     4.27389e-02  3.84265e-02  3.39946e-02  1.15160e-01  73.39%
          bbox     0.00000e+00  0.00000e+00  2.26576e-05  2.26576e-05   0.01%
        clock     6.52270e-06  1.96214e-04  1.02553e-03  1.22826e-03   0.78%
          pad     2.06232e-07  0.00000e+00  0.00000e+00  2.06232e-07   0.00%
            pm     0.00000e+00  0.00000e+00  0.00000e+00  0.00000e+00   0.00%
    -------------------------------------------------------------------------
      Subtotal     5.95318e-02  6.02305e-02  3.71471e-02  1.56909e-01  99.99%
    Percentage          37.94%       38.39%       23.67%      100.00% 100.00%
    -------------------------------------------------------------------------

  Instance: /Gemmini/ex_controller
  Power Unit: W
  PDB Frames: /stim#0/frame#0
    -------------------------------------------------------------------------
      Category         Leakage     Internal    Switching        Total    Row%
    -------------------------------------------------------------------------
        memory     0.00000e+00  0.00000e+00  0.00000e+00  0.00000e+00   0.00%
      register     9.41662e-03  1.54302e-02  1.86910e-03  2.67159e-02  26.43%
        latch     0.00000e+00  0.00000e+00  0.00000e+00  0.00000e+00   0.00%
        logic     2.73168e-02  2.69062e-02  1.93261e-02  7.35491e-02  72.77%
          bbox     0.00000e+00  0.00000e+00  0.00000e+00  0.00000e+00   0.00%
        clock     4.55960e-06  1.46084e-04  6.55780e-04  8.06424e-04   0.80%
          pad     9.12086e-08  0.00000e+00  0.00000e+00  9.12086e-08   0.00%
            pm     0.00000e+00  0.00000e+00  0.00000e+00  0.00000e+00   0.00%
    -------------------------------------------------------------------------
      Subtotal     3.67381e-02  4.24825e-02  2.18510e-02  1.01072e-01 100.00%
    Percentage          36.35%       42.03%       21.62%      100.00% 100.00%
    -------------------------------------------------------------------------

  Instance: /Gemmini/ex_controller/mesh
  Power Unit: W
  PDB Frames: /stim#0/frame#0
    -------------------------------------------------------------------------
      Category         Leakage     Internal    Switching        Total    Row%
    -------------------------------------------------------------------------
        memory     0.00000e+00  0.00000e+00  0.00000e+00  0.00000e+00   0.00%
      register     9.19547e-03  1.53946e-02  1.86607e-03  2.64561e-02  26.40%
        latch     0.00000e+00  0.00000e+00  0.00000e+00  0.00000e+00   0.00%
        logic     2.69374e-02  2.67797e-02  1.92503e-02  7.29674e-02  72.81%
          bbox     0.00000e+00  0.00000e+00  0.00000e+00  0.00000e+00   0.00%
        clock     4.43565e-06  1.42824e-04  6.52050e-04  7.99310e-04   0.80%
          pad     8.49951e-08  0.00000e+00  0.00000e+00  8.49951e-08   0.00%
            pm     0.00000e+00  0.00000e+00  0.00000e+00  0.00000e+00   0.00%
    -------------------------------------------------------------------------
      Subtotal     3.61374e-02  4.23171e-02  2.17684e-02  1.00223e-01 100.01%
    Percentage          36.06%       42.22%       21.72%      100.00% 100.00%
    -------------------------------------------------------------------------

  Instance: /Gemmini/spad
  Power Unit: W
  PDB Frames: /stim#0/frame#0
    -------------------------------------------------------------------------
      Category         Leakage     Internal    Switching        Total    Row%
    -------------------------------------------------------------------------
        memory     0.00000e+00  0.00000e+00  0.00000e+00  0.00000e+00   0.00%
      register     5.25768e-03  4.70776e-03  1.52369e-04  1.01178e-02  27.71%
        latch     0.00000e+00  0.00000e+00  0.00000e+00  0.00000e+00   0.00%
        logic     7.67211e-03  7.23896e-03  1.11515e-02  2.60626e-02  71.37%
          bbox     0.00000e+00  0.00000e+00  2.26576e-05  2.26576e-05   0.06%
        clock     1.02327e-06  2.66995e-05  2.87516e-04  3.15239e-04   0.86%
          pad     7.66035e-08  0.00000e+00  0.00000e+00  7.66035e-08   0.00%
            pm     0.00000e+00  0.00000e+00  0.00000e+00  0.00000e+00   0.00%
    -------------------------------------------------------------------------
      Subtotal     1.29309e-02  1.19734e-02  1.16140e-02  3.65183e-02 100.00%
    Percentage          35.41%       32.79%       31.80%      100.00% 100.00%
    -------------------------------------------------------------------------

  Instance: /Gemmini/spad/acc_adders
  Power Unit: W
  PDB Frames: /stim#0/frame#0
    -------------------------------------------------------------------------
      Category         Leakage     Internal    Switching        Total    Row%
    -------------------------------------------------------------------------
        memory     0.00000e+00  0.00000e+00  0.00000e+00  0.00000e+00   0.00%
      register     1.50067e-04  2.09048e-04  7.15332e-06  3.66269e-04  60.28%
        latch     0.00000e+00  0.00000e+00  0.00000e+00  0.00000e+00   0.00%
        logic     1.77733e-04  4.05972e-05  2.30232e-05  2.41353e-04  39.72%
          bbox     0.00000e+00  0.00000e+00  0.00000e+00  0.00000e+00   0.00%
        clock     0.00000e+00  0.00000e+00  0.00000e+00  0.00000e+00   0.00%
          pad     0.00000e+00  0.00000e+00  0.00000e+00  0.00000e+00   0.00%
            pm     0.00000e+00  0.00000e+00  0.00000e+00  0.00000e+00   0.00%
    -------------------------------------------------------------------------
      Subtotal     3.27800e-04  2.49645e-04  3.01765e-05  6.07622e-04 100.00%
    Percentage          53.95%       41.09%        4.97%      100.00% 100.00%
    -------------------------------------------------------------------------

  Instance: /Gemmini/spad/acc_scale_unit
  Power Unit: W
  PDB Frames: /stim#0/frame#0
    -------------------------------------------------------------------------
      Category         Leakage     Internal    Switching        Total    Row%
    -------------------------------------------------------------------------
        memory     0.00000e+00  0.00000e+00  0.00000e+00  0.00000e+00   0.00%
      register     1.73541e-03  1.84600e-03  3.30327e-05  3.61444e-03  22.76%
        latch     0.00000e+00  0.00000e+00  0.00000e+00  0.00000e+00   0.00%
        logic     3.55303e-03  4.54476e-03  3.95678e-03  1.20546e-02  75.91%
          bbox     0.00000e+00  0.00000e+00  0.00000e+00  0.00000e+00   0.00%
        clock     3.61379e-08  1.29691e-06  2.09770e-04  2.11103e-04   1.33%
          pad     1.61692e-08  0.00000e+00  0.00000e+00  1.61692e-08   0.00%
            pm     0.00000e+00  0.00000e+00  0.00000e+00  0.00000e+00   0.00%
    -------------------------------------------------------------------------
      Subtotal     5.28849e-03  6.39206e-03  4.19958e-03  1.58801e-02 100.00%
    Percentage          33.30%       40.25%       26.45%      100.00% 100.00%
    -------------------------------------------------------------------------

  Instance: /Gemmini/spad/acc_mems_0
  Power Unit: W
  PDB Frames: /stim#0/frame#0
    -------------------------------------------------------------------------
      Category         Leakage     Internal    Switching        Total    Row%
    -------------------------------------------------------------------------
        memory     0.00000e+00  0.00000e+00  0.00000e+00  0.00000e+00   0.00%
      register     3.38611e-04  4.85162e-04  1.39112e-05  8.37684e-04  28.34%
        latch     0.00000e+00  0.00000e+00  0.00000e+00  0.00000e+00   0.00%
        logic     3.18293e-04  2.43318e-04  1.54687e-03  2.10848e-03  71.34%
          bbox     0.00000e+00  0.00000e+00  7.67097e-06  7.67097e-06   0.26%
        clock     3.97202e-09  9.83111e-08  1.44157e-06  1.54386e-06   0.05%
          pad     7.69473e-09  0.00000e+00  0.00000e+00  7.69473e-09   0.00%
            pm     0.00000e+00  0.00000e+00  0.00000e+00  0.00000e+00   0.00%
    -------------------------------------------------------------------------
      Subtotal     6.56916e-04  7.28578e-04  1.56990e-03  2.95539e-03  99.99%
    Percentage          22.23%       24.65%       53.12%      100.00% 100.00%
    -------------------------------------------------------------------------

  Instance: /Gemmini/spad/acc_mems_1
  Power Unit: W
  PDB Frames: /stim#0/frame#0
    -------------------------------------------------------------------------
      Category         Leakage     Internal    Switching        Total    Row%
    -------------------------------------------------------------------------
        memory     0.00000e+00  0.00000e+00  0.00000e+00  0.00000e+00   0.00%
      register     3.38030e-04  4.78267e-04  1.28156e-05  8.29112e-04  28.14%
        latch     0.00000e+00  0.00000e+00  0.00000e+00  0.00000e+00   0.00%
        logic     3.19056e-04  2.54507e-04  1.53323e-03  2.10680e-03  71.51%
          bbox     0.00000e+00  0.00000e+00  7.67097e-06  7.67097e-06   0.26%
        clock     4.01638e-09  1.18364e-07  2.49453e-06  2.61691e-06   0.09%
          pad     7.69473e-09  0.00000e+00  0.00000e+00  7.69473e-09   0.00%
            pm     0.00000e+00  0.00000e+00  0.00000e+00  0.00000e+00   0.00%
    -------------------------------------------------------------------------
      Subtotal     6.57098e-04  7.32892e-04  1.55621e-03  2.94620e-03 100.00%
    Percentage          22.30%       24.88%       52.82%      100.00% 100.00%
    -------------------------------------------------------------------------

chipyard.harness.TestHarness.GemminiINT4Acc32RocketConfig-ChipTop        Clock Edge(ps):+    2800            0     
  Instance: /Gemmini
  Power Unit: W
  PDB Frames: /stim#0/frame#0
    -------------------------------------------------------------------------
      Category         Leakage     Internal    Switching        Total    Row%
    -------------------------------------------------------------------------
        memory     0.00000e+00  0.00000e+00  0.00000e+00  0.00000e+00   0.00%
      register     1.11451e-02  1.98406e-02  1.51157e-03  3.24973e-02  26.92%
        latch     0.00000e+00  0.00000e+00  0.00000e+00  0.00000e+00   0.00%
        logic     2.28385e-02  3.00842e-02  3.38927e-02  8.68155e-02  71.92%
          bbox     0.00000e+00  0.00000e+00  3.34927e-05  3.34927e-05   0.03%
        clock     6.53045e-06  3.50661e-04  1.00754e-03  1.36473e-03   1.13%
          pad     1.82196e-07  0.00000e+00  0.00000e+00  1.82196e-07   0.00%
            pm     0.00000e+00  0.00000e+00  0.00000e+00  0.00000e+00   0.00%
    -------------------------------------------------------------------------
      Subtotal     3.39903e-02  5.02755e-02  3.64453e-02  1.20711e-01 100.00%
    Percentage          28.16%       41.65%       30.19%      100.00% 100.00%
    -------------------------------------------------------------------------

  Instance: /Gemmini/ex_controller
  Power Unit: W
  PDB Frames: /stim#0/frame#0
    -------------------------------------------------------------------------
      Category         Leakage     Internal    Switching        Total    Row%
    -------------------------------------------------------------------------
        memory     0.00000e+00  0.00000e+00  0.00000e+00  0.00000e+00   0.00%
      register     4.15385e-03  1.00681e-02  1.10206e-03  1.53240e-02  43.49%
        latch     0.00000e+00  0.00000e+00  0.00000e+00  0.00000e+00   0.00%
        logic     5.96774e-03  7.60080e-03  5.61666e-03  1.91852e-02  54.45%
          bbox     0.00000e+00  0.00000e+00  0.00000e+00  0.00000e+00   0.00%
        clock     4.55514e-06  2.60657e-04  4.58178e-04  7.23390e-04   2.05%
          pad     6.03405e-08  0.00000e+00  0.00000e+00  6.03405e-08   0.00%
            pm     0.00000e+00  0.00000e+00  0.00000e+00  0.00000e+00   0.00%
    -------------------------------------------------------------------------
      Subtotal     1.01262e-02  1.79295e-02  7.17690e-03  3.52327e-02  99.99%
    Percentage          28.74%       50.89%       20.37%      100.00% 100.00%
    -------------------------------------------------------------------------

  Instance: /Gemmini/ex_controller/mesh
  Power Unit: W
  PDB Frames: /stim#0/frame#0
    -------------------------------------------------------------------------
      Category         Leakage     Internal    Switching        Total    Row%
    -------------------------------------------------------------------------
        memory     0.00000e+00  0.00000e+00  0.00000e+00  0.00000e+00   0.00%
      register     4.06147e-03  1.00078e-02  1.09770e-03  1.51670e-02  43.91%
        latch     0.00000e+00  0.00000e+00  0.00000e+00  0.00000e+00   0.00%
        logic     5.69120e-03  7.46789e-03  5.50793e-03  1.86670e-02  54.04%
          bbox     0.00000e+00  0.00000e+00  0.00000e+00  0.00000e+00   0.00%
        clock     4.43117e-06  2.54838e-04  4.51336e-04  7.10606e-04   2.06%
          pad     5.45827e-08  0.00000e+00  0.00000e+00  5.45827e-08   0.00%
            pm     0.00000e+00  0.00000e+00  0.00000e+00  0.00000e+00   0.00%
    -------------------------------------------------------------------------
      Subtotal     9.75715e-03  1.77306e-02  7.05697e-03  3.45447e-02 100.01%
    Percentage          28.25%       51.33%       20.43%      100.00% 100.00%
    -------------------------------------------------------------------------

  Instance: /Gemmini/spad
  Power Unit: W
  PDB Frames: /stim#0/frame#0
    -------------------------------------------------------------------------
      Category         Leakage     Internal    Switching        Total    Row%
    -------------------------------------------------------------------------
        memory     0.00000e+00  0.00000e+00  0.00000e+00  0.00000e+00   0.00%
      register     4.78065e-03  7.23820e-03  2.59046e-04  1.22779e-02  21.05%
        latch     0.00000e+00  0.00000e+00  0.00000e+00  0.00000e+00   0.00%
        logic     8.91307e-03  1.47642e-02  2.18953e-02  4.55726e-02  78.12%
          bbox     0.00000e+00  0.00000e+00  3.34927e-05  3.34927e-05   0.06%
        clock     1.03108e-06  4.80292e-05  4.01171e-04  4.50232e-04   0.77%
          pad     8.36027e-08  0.00000e+00  0.00000e+00  8.36027e-08   0.00%
            pm     0.00000e+00  0.00000e+00  0.00000e+00  0.00000e+00   0.00%
    -------------------------------------------------------------------------
      Subtotal     1.36948e-02  2.20505e-02  2.25890e-02  5.83343e-02 100.00%
    Percentage          23.48%       37.80%       38.72%      100.00% 100.00%
    -------------------------------------------------------------------------

  Instance: /Gemmini/spad/acc_adders
  Power Unit: W
  PDB Frames: /stim#0/frame#0
    -------------------------------------------------------------------------
      Category         Leakage     Internal    Switching        Total    Row%
    -------------------------------------------------------------------------
        memory     0.00000e+00  0.00000e+00  0.00000e+00  0.00000e+00   0.00%
      register     1.50149e-04  3.74670e-04  1.27605e-05  5.37579e-04  63.32%
        latch     0.00000e+00  0.00000e+00  0.00000e+00  0.00000e+00   0.00%
        logic     1.83434e-04  7.88550e-05  4.91721e-05  3.11461e-04  36.68%
          bbox     0.00000e+00  0.00000e+00  0.00000e+00  0.00000e+00   0.00%
        clock     0.00000e+00  0.00000e+00  0.00000e+00  0.00000e+00   0.00%
          pad     0.00000e+00  0.00000e+00  0.00000e+00  0.00000e+00   0.00%
            pm     0.00000e+00  0.00000e+00  0.00000e+00  0.00000e+00   0.00%
    -------------------------------------------------------------------------
      Subtotal     3.33583e-04  4.53525e-04  6.19326e-05  8.49041e-04 100.00%
    Percentage          39.29%       53.42%        7.29%      100.00% 100.00%
    -------------------------------------------------------------------------

  Instance: /Gemmini/spad/acc_mems_0
  Power Unit: W
  PDB Frames: /stim#0/frame#0
    -------------------------------------------------------------------------
      Category         Leakage     Internal    Switching        Total    Row%
    -------------------------------------------------------------------------
        memory     0.00000e+00  0.00000e+00  0.00000e+00  0.00000e+00   0.00%
      register     3.35333e-04  8.80400e-04  2.75501e-05  1.24328e-03  25.51%
        latch     0.00000e+00  0.00000e+00  0.00000e+00  0.00000e+00   0.00%
        logic     3.22030e-04  4.10421e-04  2.88226e-03  3.61472e-03  74.16%
          bbox     0.00000e+00  0.00000e+00  1.36982e-05  1.36982e-05   0.28%
        clock     3.96573e-09  1.63014e-07  2.31449e-06  2.48147e-06   0.05%
          pad     7.69473e-09  0.00000e+00  0.00000e+00  7.69473e-09   0.00%
            pm     0.00000e+00  0.00000e+00  0.00000e+00  0.00000e+00   0.00%
    -------------------------------------------------------------------------
      Subtotal     6.57375e-04  1.29098e-03  2.92583e-03  4.87419e-03 100.00%
    Percentage          13.49%       26.49%       60.03%      100.00% 100.00%
    -------------------------------------------------------------------------

  Instance: /Gemmini/spad/acc_mems_1
  Power Unit: W
  PDB Frames: /stim#0/frame#0
    -------------------------------------------------------------------------
      Category         Leakage     Internal    Switching        Total    Row%
    -------------------------------------------------------------------------
        memory     0.00000e+00  0.00000e+00  0.00000e+00  0.00000e+00   0.00%
      register     3.35293e-04  8.69845e-04  2.57643e-05  1.23090e-03  25.48%
        latch     0.00000e+00  0.00000e+00  0.00000e+00  0.00000e+00   0.00%
        logic     3.21996e-04  4.18284e-04  2.84161e-03  3.58189e-03  74.14%
          bbox     0.00000e+00  0.00000e+00  1.36982e-05  1.36982e-05   0.28%
        clock     4.01255e-09  1.94932e-07  4.28781e-06  4.48675e-06   0.09%
          pad     7.69473e-09  0.00000e+00  0.00000e+00  7.69473e-09   0.00%
            pm     0.00000e+00  0.00000e+00  0.00000e+00  0.00000e+00   0.00%
    -------------------------------------------------------------------------
      Subtotal     6.57300e-04  1.28832e-03  2.88536e-03  4.83098e-03  99.99%
    Percentage          13.61%       26.67%       59.73%      100.00% 100.00%
    -------------------------------------------------------------------------

  Instance: /Gemmini/spad/acc_scale_unit
  Power Unit: W
  PDB Frames: /stim#0/frame#0
    -------------------------------------------------------------------------
      Category         Leakage     Internal    Switching        Total    Row%
    -------------------------------------------------------------------------
        memory     0.00000e+00  0.00000e+00  0.00000e+00  0.00000e+00   0.00%
      register     1.34681e-03  2.45853e-03  4.28696e-05  3.84821e-03  12.82%
        latch     0.00000e+00  0.00000e+00  0.00000e+00  0.00000e+00   0.00%
        logic     5.44759e-03  1.06093e-02  9.83908e-03  2.58960e-02  86.24%
          bbox     0.00000e+00  0.00000e+00  0.00000e+00  0.00000e+00   0.00%
        clock     3.61371e-08  2.31565e-06  2.81127e-04  2.83479e-04   0.94%
          pad     1.88873e-08  0.00000e+00  0.00000e+00  1.88873e-08   0.00%
            pm     0.00000e+00  0.00000e+00  0.00000e+00  0.00000e+00   0.00%
    -------------------------------------------------------------------------
      Subtotal     6.79446e-03  1.30702e-02  1.01631e-02  3.00277e-02 100.00%
    Percentage          22.63%       43.53%       33.85%      100.00% 100.00%
    -------------------------------------------------------------------------

chipyard.harness.TestHarness.GemminiINT4Acc16RocketConfig-ChipTop        Clock Edge(ps):+    2500            0     
  Instance: /Gemmini
  Power Unit: W
  PDB Frames: /stim#0/frame#0
    -------------------------------------------------------------------------
      Category         Leakage     Internal    Switching        Total    Row%
    -------------------------------------------------------------------------
        memory     0.00000e+00  0.00000e+00  0.00000e+00  0.00000e+00   0.00%
      register     8.97462e-03  1.89573e-02  1.78011e-03  2.97121e-02  26.90%
        latch     0.00000e+00  0.00000e+00  0.00000e+00  0.00000e+00   0.00%
        logic     2.07387e-02  2.75393e-02  3.10635e-02  7.93416e-02  71.83%
          bbox     0.00000e+00  0.00000e+00  3.85234e-05  3.85234e-05   0.03%
        clock     6.54282e-06  3.93805e-04  9.70602e-04  1.37095e-03   1.24%
          pad     1.57409e-07  0.00000e+00  0.00000e+00  1.57409e-07   0.00%
            pm     0.00000e+00  0.00000e+00  0.00000e+00  0.00000e+00   0.00%
    -------------------------------------------------------------------------
      Subtotal     2.97200e-02  4.68905e-02  3.38528e-02  1.10463e-01 100.00%
    Percentage          26.90%       42.45%       30.65%      100.00% 100.00%
    -------------------------------------------------------------------------

  Instance: /Gemmini/ex_controller
  Power Unit: W
  PDB Frames: /stim#0/frame#0
    -------------------------------------------------------------------------
      Category         Leakage     Internal    Switching        Total    Row%
    -------------------------------------------------------------------------
        memory     0.00000e+00  0.00000e+00  0.00000e+00  0.00000e+00   0.00%
      register     3.95106e-03  1.09845e-02  1.37932e-03  1.63148e-02  44.35%
        latch     0.00000e+00  0.00000e+00  0.00000e+00  0.00000e+00   0.00%
        logic     5.94503e-03  7.86426e-03  5.85893e-03  1.96682e-02  53.46%
          bbox     0.00000e+00  0.00000e+00  0.00000e+00  0.00000e+00   0.00%
        clock     4.55955e-06  2.92721e-04  5.08878e-04  8.06158e-04   2.19%
          pad     4.50875e-08  0.00000e+00  0.00000e+00  4.50875e-08   0.00%
            pm     0.00000e+00  0.00000e+00  0.00000e+00  0.00000e+00   0.00%
    -------------------------------------------------------------------------
      Subtotal     9.90069e-03  1.91415e-02  7.74712e-03  3.67893e-02 100.00%
    Percentage          26.91%       52.03%       21.06%      100.00% 100.00%
    -------------------------------------------------------------------------

  Instance: /Gemmini/ex_controller/mesh
  Power Unit: W
  PDB Frames: /stim#0/frame#0
    -------------------------------------------------------------------------
      Category         Leakage     Internal    Switching        Total    Row%
    -------------------------------------------------------------------------
        memory     0.00000e+00  0.00000e+00  0.00000e+00  0.00000e+00   0.00%
      register     3.85870e-03  1.09173e-02  1.37377e-03  1.61498e-02  44.79%
        latch     0.00000e+00  0.00000e+00  0.00000e+00  0.00000e+00   0.00%
        logic     5.66386e-03  7.71394e-03  5.73865e-03  1.91165e-02  53.02%
          bbox     0.00000e+00  0.00000e+00  0.00000e+00  0.00000e+00   0.00%
        clock     4.43583e-06  2.86156e-04  5.01566e-04  7.92158e-04   2.20%
          pad     4.10121e-08  0.00000e+00  0.00000e+00  4.10121e-08   0.00%
            pm     0.00000e+00  0.00000e+00  0.00000e+00  0.00000e+00   0.00%
    -------------------------------------------------------------------------
      Subtotal     9.52703e-03  1.89174e-02  7.61399e-03  3.60585e-02 100.01%
    Percentage          26.42%       52.46%       21.12%      100.00% 100.00%
    -------------------------------------------------------------------------

  Instance: /Gemmini/spad
  Power Unit: W
  PDB Frames: /stim#0/frame#0
    -------------------------------------------------------------------------
      Category         Leakage     Internal    Switching        Total    Row%
    -------------------------------------------------------------------------
        memory     0.00000e+00  0.00000e+00  0.00000e+00  0.00000e+00   0.00%
      register     2.95690e-03  5.21729e-03  2.32881e-04  8.40707e-03  18.76%
        latch     0.00000e+00  0.00000e+00  0.00000e+00  0.00000e+00   0.00%
        logic     6.74937e-03  1.12072e-02  1.80632e-02  3.60199e-02  80.37%
          bbox     0.00000e+00  0.00000e+00  3.85234e-05  3.85234e-05   0.09%
        clock     1.03939e-06  5.42480e-05  2.97704e-04  3.52992e-04   0.79%
          pad     7.72134e-08  0.00000e+00  0.00000e+00  7.72134e-08   0.00%
            pm     0.00000e+00  0.00000e+00  0.00000e+00  0.00000e+00   0.00%
    -------------------------------------------------------------------------
      Subtotal     9.70738e-03  1.64788e-02  1.86324e-02  4.48185e-02 100.01%
    Percentage          21.66%       36.77%       41.57%      100.00% 100.00%
    -------------------------------------------------------------------------

  Instance: /Gemmini/spad/acc_adders
  Power Unit: W
  PDB Frames: /stim#0/frame#0
    -------------------------------------------------------------------------
      Category         Leakage     Internal    Switching        Total    Row%
    -------------------------------------------------------------------------
        memory     0.00000e+00  0.00000e+00  0.00000e+00  0.00000e+00   0.00%
      register     3.61447e-05  1.44825e-04  5.46363e-06  1.86434e-04  56.86%
        latch     0.00000e+00  0.00000e+00  0.00000e+00  0.00000e+00   0.00%
        logic     9.74171e-05  2.48139e-05  1.91991e-05  1.41430e-04  43.14%
          bbox     0.00000e+00  0.00000e+00  0.00000e+00  0.00000e+00   0.00%
        clock     0.00000e+00  0.00000e+00  0.00000e+00  0.00000e+00   0.00%
          pad     0.00000e+00  0.00000e+00  0.00000e+00  0.00000e+00   0.00%
            pm     0.00000e+00  0.00000e+00  0.00000e+00  0.00000e+00   0.00%
    -------------------------------------------------------------------------
      Subtotal     1.33562e-04  1.69639e-04  2.46627e-05  3.27864e-04 100.00%
    Percentage          40.74%       51.74%        7.52%      100.00% 100.00%
    -------------------------------------------------------------------------

  Instance: /Gemmini/spad/acc_scale_unit
  Power Unit: W
  PDB Frames: /stim#0/frame#0
    -------------------------------------------------------------------------
      Category         Leakage     Internal    Switching        Total    Row%
    -------------------------------------------------------------------------
        memory     0.00000e+00  0.00000e+00  0.00000e+00  0.00000e+00   0.00%
      register     7.42232e-04  1.53706e-03  2.71021e-05  2.30640e-03  11.51%
        latch     0.00000e+00  0.00000e+00  0.00000e+00  0.00000e+00   0.00%
        logic     3.61494e-03  7.29839e-03  6.64604e-03  1.75594e-02  87.60%
          bbox     0.00000e+00  0.00000e+00  0.00000e+00  0.00000e+00   0.00%
        clock     3.61374e-08  2.58727e-06  1.75421e-04  1.78044e-04   0.89%
          pad     1.96851e-08  0.00000e+00  0.00000e+00  1.96851e-08   0.00%
            pm     0.00000e+00  0.00000e+00  0.00000e+00  0.00000e+00   0.00%
    -------------------------------------------------------------------------
      Subtotal     4.35723e-03  8.83804e-03  6.84856e-03  2.00438e-02 100.00%
    Percentage          21.74%       44.09%       34.17%      100.00% 100.00%
    -------------------------------------------------------------------------

  Instance: /Gemmini/spad/acc_mems_0
  Power Unit: W
  PDB Frames: /stim#0/frame#0
    -------------------------------------------------------------------------
      Category         Leakage     Internal    Switching        Total    Row%
    -------------------------------------------------------------------------
        memory     0.00000e+00  0.00000e+00  0.00000e+00  0.00000e+00   0.00%
      register     1.55863e-04  4.60504e-04  1.70272e-05  6.33394e-04  18.16%
        latch     0.00000e+00  0.00000e+00  0.00000e+00  0.00000e+00   0.00%
        logic     3.52064e-04  2.63685e-04  2.22150e-03  2.83725e-03  81.33%
          bbox     0.00000e+00  0.00000e+00  1.58477e-05  1.58477e-05   0.45%
        clock     8.04704e-09  4.36491e-07  1.62719e-06  2.07172e-06   0.06%
          pad     7.13223e-09  0.00000e+00  0.00000e+00  7.13223e-09   0.00%
            pm     0.00000e+00  0.00000e+00  0.00000e+00  0.00000e+00   0.00%
    -------------------------------------------------------------------------
      Subtotal     5.07943e-04  7.24625e-04  2.25600e-03  3.48857e-03 100.00%
    Percentage          14.56%       20.77%       64.67%      100.00% 100.00%
    -------------------------------------------------------------------------

  Instance: /Gemmini/spad/acc_mems_1
  Power Unit: W
  PDB Frames: /stim#0/frame#0
    -------------------------------------------------------------------------
      Category         Leakage     Internal    Switching        Total    Row%
    -------------------------------------------------------------------------
        memory     0.00000e+00  0.00000e+00  0.00000e+00  0.00000e+00   0.00%
      register     1.09956e-04  4.30306e-04  1.74929e-05  5.57755e-04  15.32%
        latch     0.00000e+00  0.00000e+00  0.00000e+00  0.00000e+00   0.00%
        logic     3.46316e-04  2.84391e-04  2.43310e-03  3.06381e-03  84.16%
          bbox     0.00000e+00  0.00000e+00  1.58477e-05  1.58477e-05   0.44%
        clock     8.12868e-09  4.83128e-07  2.73735e-06  3.22860e-06   0.09%
          pad     7.13223e-09  0.00000e+00  0.00000e+00  7.13223e-09   0.00%
            pm     0.00000e+00  0.00000e+00  0.00000e+00  0.00000e+00   0.00%
    -------------------------------------------------------------------------
      Subtotal     4.56287e-04  7.15180e-04  2.46918e-03  3.64065e-03 100.01%
    Percentage          12.53%       19.64%       67.82%      100.00% 100.00%
    -------------------------------------------------------------------------

